# JRE version: Java(TM) SE Runtime Environment (8.0_231-b11) (build 1.8.0_231-b11)
# Java VM: Java HotSpot(TM) 64-Bit Server VM (25.231-b11 mixed mode windows-amd64 compressed oops)
Heap:
 PSYoungGen      total 592896K, used 413000K [0x00000000d5580000, 0x0000000100000000, 0x0000000100000000)
  eden space 519680K, 67% used [0x00000000d5580000,0x00000000eaae14b0,0x00000000f5100000)
  from space 73216K, 86% used [0x00000000f5100000,0x00000000f8ef0df8,0x00000000f9880000)
  to   space 81408K, 0% used [0x00000000fb080000,0x00000000fb080000,0x0000000100000000)
 ParOldGen       total 261120K, used 148698K [0x0000000080000000, 0x000000008ff00000, 0x00000000d5580000)
  object space 261120K, 56% used [0x0000000080000000,0x0000000089136b08,0x000000008ff00000)
 Metaspace       used 144947K, capacity 152254K, committed 152448K, reserved 1181696K
  class space    used 18400K, capacity 19778K, committed 19840K, reserved 1048576K
GC Heap History (10 events):
Event: 104.661 GC heap before
{Heap before GC invocations=33 (full 4):
 PSYoungGen      total 477696K, used 477688K [0x00000000d5580000, 0x00000000f6900000, 0x0000000100000000)
  eden space 435200K, 100% used [0x00000000d5580000,0x00000000efe80000,0x00000000efe80000)
  from space 42496K, 99% used [0x00000000f3000000,0x00000000f597e020,0x00000000f5980000)
  to   space 50688K, 0% used [0x00000000efe80000,0x00000000efe80000,0x00000000f3000000)
 ParOldGen       total 261120K, used 108683K [0x0000000080000000, 0x000000008ff00000, 0x00000000d5580000)
  object space 261120K, 41% used [0x0000000080000000,0x0000000086a22f90,0x000000008ff00000)
 Metaspace       used 128283K, capacity 134696K, committed 134912K, reserved 1165312K
  class space    used 16840K, capacity 18091K, committed 18176K, reserved 1048576K
Event: 104.724 GC heap after
Heap after GC invocations=33 (full 4):
 PSYoungGen      total 485888K, used 40479K [0x00000000d5580000, 0x00000000f9180000, 0x0000000100000000)
  eden space 435200K, 0% used [0x00000000d5580000,0x00000000d5580000,0x00000000efe80000)
  from space 50688K, 79% used [0x00000000efe80000,0x00000000f2607c30,0x00000000f3000000)
  to   space 55296K, 0% used [0x00000000f5b80000,0x00000000f5b80000,0x00000000f9180000)
 ParOldGen       total 261120K, used 122024K [0x0000000080000000, 0x000000008ff00000, 0x00000000d5580000)
  object space 261120K, 46% used [0x0000000080000000,0x000000008772a318,0x000000008ff00000)
 Metaspace       used 128283K, capacity 134696K, committed 134912K, reserved 1165312K
  class space    used 16840K, capacity 18091K, committed 18176K, reserved 1048576K
}
Event: 132.601 GC heap before
{Heap before GC invocations=34 (full 4):
 PSYoungGen      total 485888K, used 475679K [0x00000000d5580000, 0x00000000f9180000, 0x0000000100000000)
  eden space 435200K, 100% used [0x00000000d5580000,0x00000000efe80000,0x00000000efe80000)
  from space 50688K, 79% used [0x00000000efe80000,0x00000000f2607c30,0x00000000f3000000)
  to   space 55296K, 0% used [0x00000000f5b80000,0x00000000f5b80000,0x00000000f9180000)
 ParOldGen       total 261120K, used 123457K [0x0000000080000000, 0x000000008ff00000, 0x00000000d5580000)
  object space 261120K, 47% used [0x0000000080000000,0x0000000087890550,0x000000008ff00000)
 Metaspace       used 133277K, capacity 140106K, committed 140288K, reserved 1171456K
  class space    used 17278K, capacity 18572K, committed 18688K, reserved 1048576K
Event: 132.831 GC heap after
Heap after GC invocations=34 (full 4):
 PSYoungGen      total 516096K, used 55280K [0x00000000d5580000, 0x00000000fab80000, 0x0000000100000000)
  eden space 460800K, 0% used [0x00000000d5580000,0x00000000d5580000,0x00000000f1780000)
  from space 55296K, 99% used [0x00000000f5b80000,0x00000000f917c2d0,0x00000000f9180000)
  to   space 69632K, 0% used [0x00000000f1780000,0x00000000f1780000,0x00000000f5b80000)
 ParOldGen       total 261120K, used 138579K [0x0000000080000000, 0x000000008ff00000, 0x00000000d5580000)
  object space 261120K, 53% used [0x0000000080000000,0x0000000088754de8,0x000000008ff00000)
 Metaspace       used 133277K, capacity 140106K, committed 140288K, reserved 1171456K
  class space    used 17278K, capacity 18572K, committed 18688K, reserved 1048576K
}
Event: 133.765 GC heap before
{Heap before GC invocations=35 (full 4):
 PSYoungGen      total 516096K, used 516080K [0x00000000d5580000, 0x00000000fab80000, 0x0000000100000000)
  eden space 460800K, 100% used [0x00000000d5580000,0x00000000f1780000,0x00000000f1780000)
  from space 55296K, 99% used [0x00000000f5b80000,0x00000000f917c2d0,0x00000000f9180000)
  to   space 69632K, 0% used [0x00000000f1780000,0x00000000f1780000,0x00000000f5b80000)
 ParOldGen       total 261120K, used 138583K [0x0000000080000000, 0x000000008ff00000, 0x00000000d5580000)
  object space 261120K, 53% used [0x0000000080000000,0x0000000088755db0,0x000000008ff00000)
 Metaspace       used 133298K, capacity 140106K, committed 140288K, reserved 1171456K
  class space    used 17280K, capacity 18572K, committed 18688K, reserved 1048576K
Event: 133.823 GC heap after
Heap after GC invocations=35 (full 4):
 PSYoungGen      total 530432K, used 47679K [0x00000000d5580000, 0x00000000fe480000, 0x0000000100000000)
  eden space 460800K, 0% used [0x00000000d5580000,0x00000000d5580000,0x00000000f1780000)
  from space 69632K, 68% used [0x00000000f1780000,0x00000000f460fc48,0x00000000f5b80000)
  to   space 73216K, 0% used [0x00000000f9d00000,0x00000000f9d00000,0x00000000fe480000)
 ParOldGen       total 261120K, used 148682K [0x0000000080000000, 0x000000008ff00000, 0x00000000d5580000)
  object space 261120K, 56% used [0x0000000080000000,0x0000000089132b08,0x000000008ff00000)
 Metaspace       used 133298K, capacity 140106K, committed 140288K, reserved 1171456K
  class space    used 17280K, capacity 18572K, committed 18688K, reserved 1048576K
}
Event: 138.513 GC heap before
{Heap before GC invocations=36 (full 4):
 PSYoungGen      total 530432K, used 508479K [0x00000000d5580000, 0x00000000fe480000, 0x0000000100000000)
  eden space 460800K, 100% used [0x00000000d5580000,0x00000000f1780000,0x00000000f1780000)
  from space 69632K, 68% used [0x00000000f1780000,0x00000000f460fc48,0x00000000f5b80000)
  to   space 73216K, 0% used [0x00000000f9d00000,0x00000000f9d00000,0x00000000fe480000)
 ParOldGen       total 261120K, used 148682K [0x0000000080000000, 0x000000008ff00000, 0x00000000d5580000)
  object space 261120K, 56% used [0x0000000080000000,0x0000000089132b08,0x000000008ff00000)
 Metaspace       used 134554K, capacity 141350K, committed 141568K, reserved 1171456K
  class space    used 17398K, capacity 18680K, committed 18688K, reserved 1048576K
Event: 138.565 GC heap after
Heap after GC invocations=36 (full 4):
 PSYoungGen      total 588288K, used 41593K [0x00000000d5580000, 0x00000000fe000000, 0x0000000100000000)
  eden space 519680K, 0% used [0x00000000d5580000,0x00000000d5580000,0x00000000f5100000)
  from space 68608K, 60% used [0x00000000f9d00000,0x00000000fc59e410,0x00000000fe000000)
  to   space 73216K, 0% used [0x00000000f5100000,0x00000000f5100000,0x00000000f9880000)
 ParOldGen       total 261120K, used 148690K [0x0000000080000000, 0x000000008ff00000, 0x00000000d5580000)
  object space 261120K, 56% used [0x0000000080000000,0x0000000089134b08,0x000000008ff00000)
 Metaspace       used 134554K, capacity 141350K, committed 141568K, reserved 1171456K
  class space    used 17398K, capacity 18680K, committed 18688K, reserved 1048576K
}
Event: 162.744 GC heap before
{Heap before GC invocations=37 (full 4):
 PSYoungGen      total 588288K, used 561273K [0x00000000d5580000, 0x00000000fe000000, 0x0000000100000000)
  eden space 519680K, 100% used [0x00000000d5580000,0x00000000f5100000,0x00000000f5100000)
  from space 68608K, 60% used [0x00000000f9d00000,0x00000000fc59e410,0x00000000fe000000)
  to   space 73216K, 0% used [0x00000000f5100000,0x00000000f5100000,0x00000000f9880000)
 ParOldGen       total 261120K, used 148690K [0x0000000080000000, 0x000000008ff00000, 0x00000000d5580000)
  object space 261120K, 56% used [0x0000000080000000,0x0000000089134b08,0x000000008ff00000)
 Metaspace       used 140461K, capacity 147520K, committed 147712K, reserved 1177600K
  class space    used 18108K, capacity 19455K, committed 19456K, reserved 1048576K
Event: 162.847 GC heap after
Heap after GC invocations=37 (full 4):
 PSYoungGen      total 592896K, used 63427K [0x00000000d5580000, 0x0000000100000000, 0x0000000100000000)
  eden space 519680K, 0% used [0x00000000d5580000,0x00000000d5580000,0x00000000f5100000)
  from space 73216K, 86% used [0x00000000f5100000,0x00000000f8ef0df8,0x00000000f9880000)
  to   space 81408K, 0% used [0x00000000fb080000,0x00000000fb080000,0x0000000100000000)
 ParOldGen       total 261120K, used 148698K [0x0000000080000000, 0x000000008ff00000, 0x00000000d5580000)
  object space 261120K, 56% used [0x0000000080000000,0x0000000089136b08,0x000000008ff00000)
 Metaspace       used 140461K, capacity 147520K, committed 147712K, reserved 1177600K
  class space    used 18108K, capacity 19455K, committed 19456K, reserved 1048576K
}

